<?xml version="1.0" encoding="UTF-8"?>
<!-- Generated by org.testng.reporters.JUnitReportReporter -->
<testsuite hostname="LAPTOP-1PM35MUA" failures="0" tests="1" name="com.hybrid.interview.ScrollWebPage" time="17.780" errors="0" timestamp="2021-08-01T18:51:48 IST" skipped="0">
  <testcase classname="com.hybrid.interview.ScrollWebPage" name="actionsClass" time="17.780"/>
  <system-out/>
</testsuite> <!-- com.hybrid.interview.ScrollWebPage -->
