<?xml version="1.0" encoding="UTF-8"?>
<!-- Generated by org.testng.reporters.JUnitReportReporter -->
<testsuite hostname="LAPTOP-1PM35MUA" failures="0" tests="1" name="com.hybrid.interview.DragAndDrop" time="8.751" errors="0" timestamp="2021-08-17T06:52:25 IST" skipped="0">
  <testcase classname="com.hybrid.interview.DragAndDrop" name="DragnDrop" time="8.751"/>
  <system-out/>
</testsuite> <!-- com.hybrid.interview.DragAndDrop -->
