<?xml version="1.0" encoding="UTF-8"?>
<!-- Generated by org.testng.reporters.JUnitReportReporter -->
<testsuite hostname="LAPTOP-1PM35MUA" failures="0" tests="1" name="com.hybrid.interview.BootstrapDropDown" time="3.458" errors="0" timestamp="2021-09-14T12:42:01 IST" skipped="0">
  <testcase classname="com.hybrid.interview.BootstrapDropDown" name="selectDropdown" time="3.458"/>
  <system-out/>
</testsuite> <!-- com.hybrid.interview.BootstrapDropDown -->
