<?xml version="1.0" encoding="UTF-8"?>
<!-- Generated by org.testng.reporters.JUnitReportReporter -->
<testsuite hostname="LAPTOP-1PM35MUA" failures="0" tests="1" name="com.hybrid.interview.LinkFinder" time="12.552" errors="0" timestamp="2021-09-13T10:39:29 IST" skipped="0">
  <testcase classname="com.hybrid.interview.LinkFinder" name="findLinksInPage" time="12.552"/>
  <system-out/>
</testsuite> <!-- com.hybrid.interview.LinkFinder -->
