<?xml version="1.0" encoding="UTF-8"?>
<!-- Generated by org.testng.reporters.JUnitReportReporter -->
<testsuite hostname="LAPTOP-1PM35MUA" failures="0" tests="2" name="com.hybrid.interview.CSSSelectors" time="46.794" errors="0" timestamp="2021-09-01T10:13:06 IST" skipped="1">
  <testcase classname="com.hybrid.interview.CSSSelectors" name="login" time="46.794"/>
  <system-out/>
  <testcase classname="com.hybrid.interview.CSSSelectors" name="registration">
    <skipped/>
  </testcase> <!-- registration -->
  <system-out/>
</testsuite> <!-- com.hybrid.interview.CSSSelectors -->
