<?xml version="1.0" encoding="UTF-8"?>
<!-- Generated by org.testng.reporters.JUnitReportReporter -->
<testsuite hostname="LAPTOP-1PM35MUA" failures="0" tests="1" name="com.hybrid.testCases.TC_LoginTest_001" time="5.727" errors="0" timestamp="2021-07-31T10:49:28 IST" skipped="0">
  <testcase classname="com.hybrid.testCases.TC_LoginTest_001" name="loginTest" time="5.727"/>
  <system-out/>
</testsuite> <!-- com.hybrid.testCases.TC_LoginTest_001 -->
